<?xml version="1.0" encoding="UTF-8"?>
<!-- Generated by org.testng.reporters.JUnitReportReporter -->
<testsuite hostname="MOHIT" failures="0" tests="1" name="createPojo.mohitP" time="55.533" errors="0" timestamp="2023-06-28T16:33:02 IST" skipped="0">
  <testcase classname="createPojo.mohitP" name="nothing" time="55.533"/>
  <system-out/>
</testsuite> <!-- createPojo.mohitP -->
